<?xml version="1.0" encoding="UTF-8"?>
<testng-results ignored="0" total="1" passed="1" failed="0" skipped="0">
  <reporter-output>
  </reporter-output>
  <suite started-at="2023-10-06T23:54:31 IST" name="Default suite" finished-at="2023-10-06T23:54:40 IST" duration-ms="8250">
    <groups>
    </groups>
    <test started-at="2023-10-06T23:54:31 IST" name="Default test" finished-at="2023-10-06T23:54:40 IST" duration-ms="8250">
      <class name="sample.TestCode">
        <test-method signature="lauchBrowser()[pri:0, instance:sample.TestCode@20ccf40b]" started-at="2023-10-06T23:54:31 IST" name="lauchBrowser" finished-at="2023-10-06T23:54:40 IST" duration-ms="8217" status="PASS">
          <reporter-output>
          </reporter-output>
        </test-method> <!-- lauchBrowser -->
      </class> <!-- sample.TestCode -->
    </test> <!-- Default test -->
  </suite> <!-- Default suite -->
</testng-results>
