<?xml version="1.0" encoding="UTF-8"?>
<testng-results ignored="0" total="1" passed="1" failed="0" skipped="0">
  <reporter-output>
  </reporter-output>
  <suite started-at="2023-10-07T13:13:54 IST" name="Suite" finished-at="2023-10-07T13:14:05 IST" duration-ms="10286">
    <groups>
    </groups>
    <test started-at="2023-10-07T13:13:54 IST" name="Test" finished-at="2023-10-07T13:14:05 IST" duration-ms="10286">
      <class name="sample.TestCode">
        <test-method signature="lauchBrowser()[pri:0, instance:sample.TestCode@5b218417]" started-at="2023-10-07T13:13:54 IST" name="lauchBrowser" finished-at="2023-10-07T13:14:05 IST" duration-ms="10239" status="PASS">
          <reporter-output>
          </reporter-output>
        </test-method> <!-- lauchBrowser -->
      </class> <!-- sample.TestCode -->
    </test> <!-- Test -->
  </suite> <!-- Suite -->
</testng-results>
